<?xml version="1.0" encoding="UTF-8"?>
<!-- Generated by org.testng.reporters.JUnitReportReporter -->
<testsuite hostname="lafestro" failures="0" tests="1" name="Test1" time="120.088" errors="0" timestamp="2024-08-20T10:54:46 IST" skipped="0">
  <testcase classname="Test1" name="loginTest" time="120.088"/>
  <system-out/>
</testsuite> <!-- Test1 -->
